This is pdfTeX, Version 3.14159-1.10b (Web2C 7.4.5) (format=pdflatex 2007.8.1)  13 SEP 2007 16:53
**bardJSS
(./bardJSS.tex{/usr/share/texmf/pdftex/config/pdftex.cfg}
LaTeX2e <2001/06/01>
Babel <v3.7h> and hyphenation patterns for american, french, german, ngerman, n
ohyphenation, loaded.
(./JSSstyle/jss.cls

LaTeX Warning: You have requested document class `JSSstyle/jss',
               but the document class provides `jss'.

Document Class: jss 2005/12/09 1.5 jss class by Achim Zeileis
(/usr/share/texmf/tex/latex/base/article.cls
Document Class: article 2001/04/21 v1.4e Standard LaTeX document class
(/usr/share/texmf/tex/latex/base/size11.clo
File: size11.clo 2001/04/21 v1.4e Standard LaTeX file (size option)
)
\c@part=\count79
\c@section=\count80
\c@subsection=\count81
\c@subsubsection=\count82
\c@paragraph=\count83
\c@subparagraph=\count84
\c@figure=\count85
\c@table=\count86
\abovecaptionskip=\skip41
\belowcaptionskip=\skip42
\bibindent=\dimen102
)
(/usr/share/texmf/tex/latex/graphics/graphicx.sty
Package: graphicx 1999/02/16 v1.0f Enhanced LaTeX Graphics (DPC,SPQR)

(/usr/share/texmf/tex/latex/graphics/keyval.sty
Package: keyval 1999/03/16 v1.13 key=value parser (DPC)
\KV@toks@=\toks14
)
(/usr/share/texmf/tex/latex/graphics/graphics.sty
Package: graphics 2001/07/07 v1.0n Standard LaTeX Graphics (DPC,SPQR)

(/usr/share/texmf/tex/latex/graphics/trig.sty
Package: trig 1999/03/16 v1.09 sin cos tan (DPC)
)
(/usr/share/texmf/tex/latex/config/graphics.cfg
File: graphics.cfg 2001/08/31 v1.1 graphics configuration of teTeX/TeXLive
)
Package graphics Info: Driver file: pdftex.def on input line 80.

(/usr/share/texmf/tex/latex/graphics/pdftex.def
File: pdftex.def 2002/06/19 v0.03k graphics/color for pdftex
\Gread@gobject=\count87
))
\Gin@req@height=\dimen103
\Gin@req@width=\dimen104
)
(/usr/share/texmf/tex/latex/misc/a4wide.sty
Package: a4wide 1994/08/30

(/usr/share/texmf/tex/latex/ntgclass/a4.sty
Package: a4 1999/03/03 v1.2f A4 based page layout
))
(/usr/share/texmf/tex/latex/graphics/color.sty
Package: color 1999/02/16 v1.0i Standard LaTeX Color (DPC)

(/usr/share/texmf/tex/latex/config/color.cfg
File: color.cfg 2001/08/31 v1.1 color configuration of teTeX/TeXLive
)
Package color Info: Driver file: pdftex.def on input line 125.
)
(/usr/share/texmf/tex/latex/hyperref/hyperref.sty
Package: hyperref 2003/01/22 v6.73n Hypertext links for LaTeX
\@linkdim=\dimen105
\Hy@linkcounter=\count88
\Hy@pagecounter=\count89

(/usr/share/texmf/tex/latex/hyperref/pd1enc.def
File: pd1enc.def 2003/01/22 v6.73n Hyperref: PDFDocEncoding definition (HO)
)
(/usr/share/texmf/tex/latex/config/hyperref.cfg
File: hyperref.cfg 2002/06/06 v1.2 hyperref configuration of TeXLive and teTeX
)
Package hyperref Info: Hyper figures OFF on input line 1792.
Package hyperref Info: Link nesting OFF on input line 1797.
Package hyperref Info: Hyper index ON on input line 1800.
Package hyperref Info: Plain pages ON on input line 1805.
Package hyperref Info: Backreferencing OFF on input line 1812.

Implicit mode ON; LaTeX internals redefined
Package hyperref Info: Bookmarks ON on input line 1916.
(/usr/share/latex2html/texinputs/url.sty
Package: url 1999/03/02  ver 1.4  Verb mode for urls, email addresses, and file
 names
)
LaTeX Info: Redefining \url on input line 2055.
\Fld@menulength=\count90
\Field@Width=\dimen106
\Fld@charsize=\dimen107
\Choice@toks=\toks15
\Field@toks=\toks16
Package hyperref Info: Hyper figures OFF on input line 2513.
Package hyperref Info: Link nesting OFF on input line 2518.
Package hyperref Info: Hyper index ON on input line 2521.
Package hyperref Info: backreferencing OFF on input line 2528.
Package hyperref Info: Link coloring OFF on input line 2533.
\c@Item=\count91
\c@Hfootnote=\count92
)
*hyperref using default driver hpdftex*
(/usr/share/texmf/tex/latex/hyperref/hpdftex.def
File: hpdftex.def 2003/01/22 v6.73n Hyperref driver for pdfTeX

(/usr/share/texmf/tex/latex/psnfss/pifont.sty
Package: pifont 2002/09/08 PSNFSS-v9.0a Pi font support (SPQR) 
LaTeX Font Info:    Try loading font information for U+pzd on input line 62.

(/usr/share/texmf/tex/latex/psnfss/upzd.fd
File: upzd.fd 2001/06/04 font definitions for U/pzd.
)
LaTeX Font Info:    Try loading font information for U+psy on input line 63.

(/usr/share/texmf/tex/latex/psnfss/upsy.fd
File: upsy.fd 2001/06/04 font definitions for U/psy.
))
\Fld@listcount=\count93
\@outlinefile=\write3
)
(/usr/share/texmf/tex/latex/ae/ae.sty
Package: ae 2001/02/12 1.3 Almost European Computer Modern

(/usr/share/texmf/tex/latex/base/fontenc.sty
Package: fontenc 2001/06/05 v1.94 Standard LaTeX package

(/usr/share/texmf/tex/latex/base/t1enc.def
File: t1enc.def 2001/06/05 v1.94 Standard LaTeX file
LaTeX Font Info:    Redeclaring font encoding T1 on input line 38.
)
LaTeX Font Info:    Try loading font information for T1+aer on input line 95.

(/usr/share/texmf/tex/latex/ae/t1aer.fd
File: t1aer.fd 1997/11/16 Font definitions for T1/aer.
)))
(/usr/share/texmf/tex/latex/fancyvrb/fancyvrb.sty
Package: fancyvrb 2000/03/21

Style option: `fancyvrb' v2.7, with DG/SPQR fixes <2000/03/21> (tvz)
\FV@CodeLineNo=\count94
\FV@InFile=\read1
\FV@TabBox=\box26
\c@FancyVerbLine=\count95
\FV@StepNumber=\count96
\FV@OutFile=\write4
)
(/usr/share/texmf/tex/latex/base/fontenc.sty
Package: fontenc 2001/06/05 v1.94 Standard LaTeX package

(/usr/share/texmf/tex/latex/base/t1enc.def
File: t1enc.def 2001/06/05 v1.94 Standard LaTeX file
LaTeX Font Info:    Redeclaring font encoding T1 on input line 38.
))
(/usr/share/texmf/tex/latex/natbib/natbib.sty
Package: natbib 2000/07/24 7.0a (PWD)
\bibhang=\skip43
\bibsep=\skip44
LaTeX Info: Redefining \cite on input line 508.
\c@NAT@ctr=\count97
)
\preXLskip=\skip45
\preLskip=\skip46
\preMskip=\skip47
\preSskip=\skip48
\postMskip=\skip49
\postSskip=\skip50
\footerskip=\skip51


Package hyperref Warning: Option `hyperindex' has already been used,
(hyperref)                setting the option has no effect on input line 397.

Package hyperref Info: Option `colorlinks' set `true' on input line 397.
Package hyperref Info: Option `linktocpage' set `true' on input line 397.
Package hyperref Info: Option `plainpages' set `false' on input line 397.
) (/usr/share/texmf/tex/latex/misc/rotating.sty
Package: rotating 1997/09/26, v2.13 Rotation package

(/usr/share/texmf/tex/latex/base/ifthen.sty
Package: ifthen 2001/05/26 v1.1c Standard LaTeX ifthen package (DPC)
)
\c@r@tfl@t=\count98
\rot@float@box=\box27
)
(/usr/share/texmf/tex/latex/graphics/epsfig.sty
Package: epsfig 1999/02/16 v1.7a (e)psfig emulation (SPQR)
\epsfxsize=\dimen108
\epsfysize=\dimen109
)
(/usr/share/texmf/tex/latex/multirow/multirow.sty
\bigstrutjot=\dimen110
)
(/usr/share/texmf/tex/latex/amsfonts/amsfonts.sty
Package: amsfonts 2001/10/25 v2.2f
\@emptytoks=\toks17
\symAMSa=\mathgroup4
\symAMSb=\mathgroup5
LaTeX Font Info:    Overwriting math alphabet `\mathfrak' in version `bold'
(Font)                  U/euf/m/n --> U/euf/b/n on input line 132.
)
(/usr/share/texmf/tex/latex/amsfonts/amssymb.sty
Package: amssymb 2002/01/22 v2.2d
)
(/usr/share/texmf/tex/latex/amsmath/amsmath.sty
Package: amsmath 2000/07/18 v2.13 AMS math features
\@mathmargin=\skip52

For additional information on amsmath, use the `?' option.
(/usr/share/texmf/tex/latex/amsmath/amstext.sty
Package: amstext 2000/06/29 v2.01

(/usr/share/texmf/tex/latex/amsmath/amsgen.sty
File: amsgen.sty 1999/11/30 v2.0
\@emptytoks=\toks18
\ex@=\dimen111
))
(/usr/share/texmf/tex/latex/amsmath/amsbsy.sty
Package: amsbsy 1999/11/29 v1.2d
\pmbraise@=\dimen112
)
(/usr/share/texmf/tex/latex/amsmath/amsopn.sty
Package: amsopn 1999/12/14 v2.01 operator names
)
\inf@bad=\count99
LaTeX Info: Redefining \frac on input line 211.
\uproot@=\count100
\leftroot@=\count101
LaTeX Info: Redefining \overline on input line 307.
\classnum@=\count102
\DOTSCASE@=\count103
LaTeX Info: Redefining \ldots on input line 379.
LaTeX Info: Redefining \dots on input line 382.
LaTeX Info: Redefining \cdots on input line 467.
\Mathstrutbox@=\box28
\strutbox@=\box29
\big@size=\dimen113
LaTeX Font Info:    Redeclaring font encoding OML on input line 567.
LaTeX Font Info:    Redeclaring font encoding OMS on input line 568.
\macc@depth=\count104
\c@MaxMatrixCols=\count105
\dotsspace@=\muskip10
\c@parentequation=\count106
\dspbrk@lvl=\count107
\tag@help=\toks19
\row@=\count108
\column@=\count109
\maxfields@=\count110
\andhelp@=\toks20
\eqnshift@=\dimen114
\alignsep@=\dimen115
\tagshift@=\dimen116
\tagwidth@=\dimen117
\totwidth@=\dimen118
\lineht@=\dimen119
\@envbody=\toks21
\multlinegap=\skip53
\multlinetaggap=\skip54
\mathdisplay@stack=\toks22
LaTeX Info: Redefining \[ on input line 2666.
LaTeX Info: Redefining \] on input line 2667.
)
(/usr/share/texmf/tex/latex/tools/array.sty
Package: array 1998/05/13 v2.3m Tabular extension package (FMi)
\col@sep=\dimen120
\extrarowheight=\dimen121
\NC@list=\toks23
\extratabsurround=\skip55
\backup@length=\skip56
)
(/usr/share/texmf/tex/generic/thumbpdf/thumbpdf.sty
Package: thumbpdf 2002/05/26 v3.2 Inclusion of thumbnails (HO)


Package thumbpdf Warning: Thumbnail data file `bardJSS.tpt' not found.

) (/usr/share/texmf/tex/latex/misc/vmargin.sty
Package: vmargin 2000/08/01

Package: vmargin 2000/08/01 V2.3 (VK) set document margins
\PaperWidth=\dimen122
\PaperHeight=\dimen123
) (./bardJSS.aux)
\openout1 = `bardJSS.aux'.

LaTeX Font Info:    Checking defaults for OML/cmm/m/it on input line 82.
LaTeX Font Info:    ... okay on input line 82.
LaTeX Font Info:    Checking defaults for T1/cmr/m/n on input line 82.
LaTeX Font Info:    ... okay on input line 82.
LaTeX Font Info:    Checking defaults for OT1/cmr/m/n on input line 82.
LaTeX Font Info:    ... okay on input line 82.
LaTeX Font Info:    Checking defaults for OMS/cmsy/m/n on input line 82.
LaTeX Font Info:    ... okay on input line 82.
LaTeX Font Info:    Checking defaults for OMX/cmex/m/n on input line 82.
LaTeX Font Info:    ... okay on input line 82.
LaTeX Font Info:    Checking defaults for U/cmr/m/n on input line 82.
LaTeX Font Info:    ... okay on input line 82.
LaTeX Font Info:    Checking defaults for PD1/pdf/m/n on input line 82.
LaTeX Font Info:    ... okay on input line 82.
 (/usr/share/texmf/tex/context/base/supp-pdf.tex
(/usr/share/texmf/tex/context/base/supp-mis.tex
loading : Context Support Macros / Missing
\protectiondepth=\count111
\scratchcounter=\count112
\scratchtoks=\toks24
\scratchdimen=\dimen124
\scratchskip=\skip57
\scratchmuskip=\muskip11
\scratchbox=\box30
\scratchread=\read2
\scratchwrite=\write5
\zeropoint=\dimen125
\minusone=\count113
\thousandpoint=\dimen126
\emptytoks=\toks25
\nextbox=\box31
\nextdepth=\dimen127
\everyline=\toks26
\!!counta=\count114
\!!countb=\count115
\recursecounter=\count116
)
loading : Context Support Macros / PDF
\nofMPsegments=\count117
\nofMParguments=\count118
\everyMPtoPDFconversion=\toks27
)
Package hyperref Info: Link coloring ON on input line 82.
 (/usr/share/texmf/tex/latex/hyperref/nameref.sty
Package: nameref 2001/01/27 v2.19 Cross-referencing by name of section
\c@section@level=\count119
)
LaTeX Info: Redefining \ref on input line 82.
LaTeX Info: Redefining \pageref on input line 82.
 (./bardJSS.out)
(./bardJSS.out)
\openout3 = `bardJSS.out'.

 <jsslogo.jpg, id=59, 540.0175pt x 393.47pt>
File: jsslogo.jpg Graphic file (type jpg)
 <use jsslogo.jpg>
LaTeX Font Info:    Try loading font information for T1+pzc on input line 82.

(/usr/share/texmf/tex/latex/psnfss/t1pzc.fd
File: t1pzc.fd 2001/06/04 font definitions for T1/pzc.
)
LaTeX Font Info:    Font shape `T1/pzc/m/n' in size <28> not available
(Font)              Font shape `T1/pzc/mb/it' tried instead on input line 82.
LaTeX Font Info:    Try loading font information for U+msa on input line 82.

(/usr/share/texmf/tex/latex/amsfonts/umsa.fd
File: umsa.fd 2002/01/19 v2.2g AMS font definitions
)
LaTeX Font Info:    Try loading font information for U+msb on input line 82.

(/usr/share/texmf/tex/latex/amsfonts/umsb.fd
File: umsb.fd 2002/01/19 v2.2g AMS font definitions
)
Underfull \vbox (badness 10000) has occurred while \output is active []

 [1

{/usr/share/texmf/dvips/config/pdftex.map} <./jsslogo.jpg>]
Underfull \vbox (badness 1515) has occurred while \output is active []


Overfull \hbox (5.47499pt too wide) has occurred while \output is active
[]/aer10@10.95pt/2 []
 []

[2]
Overfull \hbox (5.47499pt too wide) has occurred while \output is active
[][] /aer10@10.95pt/3
 []

[3]
Overfull \hbox (5.47499pt too wide) has occurred while \output is active
[]/aer10@10.95pt/4 []
 []

[4] <fig_example.pdf, id=138, 614.295pt x 794.97pt>
File: fig_example.pdf Graphic file (type pdf)
 <use fig_example.pdf>
Overfull \hbox (5.47499pt too wide) has occurred while \output is active
[][] /aer10@10.95pt/5
 []

[5]
Overfull \hbox (5.47499pt too wide) has occurred while \output is active
[]/aer10@10.95pt/6 []
 []

[6 <./fig_example.pdf
Warning: pdflatex (file ./fig_example.pdf): pdf inclusion: Page Group detected 
which pdfTeX can't handle. Ignoring it.
>]
Overfull \hbox (5.47499pt too wide) has occurred while \output is active
[][] /aer10@10.95pt/7
 []

[7]
Overfull \hbox (5.47499pt too wide) has occurred while \output is active
[]/aer10@10.95pt/8 []
 []

[8]
Underfull \vbox (badness 6445) has occurred while \output is active []


Overfull \hbox (5.47499pt too wide) has occurred while \output is active
[][] /aer10@10.95pt/9
 []

[9]
Overfull \hbox (10.94998pt too wide) has occurred while \output is active
[]/aer10@10.95pt/10 []
 []

[10]
LaTeX Font Info:    Try loading font information for T1+aess on input line 596.

 (/usr/share/texmf/tex/latex/ae/t1aess.fd
File: t1aess.fd 1997/11/16 Font definitions for T1/aess.
)
Overfull \hbox (10.94998pt too wide) has occurred while \output is active
[][] /aer10@10.95pt/11
 []

[11]
Overfull \hbox (10.94998pt too wide) has occurred while \output is active
[]/aer10@10.95pt/12 []
 []

[12]
Underfull \vbox (badness 5288) has occurred while \output is active []


Overfull \hbox (10.94998pt too wide) has occurred while \output is active
[][] /aer10@10.95pt/13
 []

[13]
Overfull \hbox (10.94998pt too wide) has occurred while \output is active
[]/aer10@10.95pt/14 []
 []

[14]
Overfull \hbox (10.94998pt too wide) has occurred while \output is active
[][] /aer10@10.95pt/15
 []

[15]
LaTeX Font Info:    Try loading font information for T1+aett on input line 832.

 (/usr/share/texmf/tex/latex/ae/t1aett.fd
File: t1aett.fd 1997/11/16 Font definitions for T1/aett.
)
Overfull \hbox (10.94998pt too wide) has occurred while \output is active
[]/aer10@10.95pt/16 []
 []

[16]
Overfull \hbox (10.94998pt too wide) has occurred while \output is active
[][] /aer10@10.95pt/17
 []

[17] (./bardJSS.bbl
Overfull \hbox (10.94998pt too wide) has occurred while \output is active
[]/aer10@10.95pt/18 []
 []

[18]
Overfull \hbox (10.94998pt too wide) has occurred while \output is active
[][] /aer10@10.95pt/19
 []

[19])
Underfull \hbox (badness 10000) in paragraph at lines 932--932

 []

LaTeX Font Info:    Font shape `T1/pzc/m/n' in size <13> not available
(Font)              Font shape `T1/pzc/mb/it' tried instead on input line 932.

Underfull \vbox (badness 10000) has occurred while \output is active []


Overfull \hbox (10.94998pt too wide) has occurred while \output is active
[]/aer10@10.95pt/20 []
 []

[20]
Overfull \hbox (10.94998pt too wide) has occurred while \output is active
[][] /aer10@10.95pt/21
 []

[21] (./bardJSS.aux) ) 
Here is how much of TeX's memory you used:
 4972 strings out of 95437
 63479 string characters out of 1190234
 119079 words of memory out of 1000001
 7740 multiletter control sequences out of 10000+50000
 74165 words of font info for 129 fonts, out of 500000 for 1000
 14 hyphenation exceptions out of 1000
 35i,10n,34p,604b,366s stack positions out of 1500i,500n,5000p,200000b,5000s
 331 PDF objects out of 300000
 83 named destinations out of 131072
 117 words of extra memory for PDF output out of 65536
{/usr/share/texmf/dvips/tetex/09fbbfac.enc}</usr/share/te
xmf/fonts/type1/bluesky/cm/cmtt10.pfb></usr/share/texmf/fonts/type1/bluesky/cm/
cmsltt10.pfb>{/usr/share/texmf/dvips/tetex/f7b6d320.enc}</usr/share/texmf/fonts
/type1/bluesky/cm/cmss10.pfb></usr/share/texmf/fonts/type1/bluesky/cm/cmbx8.pfb
>{/usr/share/texmf/dvips/tetex/bbad153f.enc}</usr/share/texmf/fonts/type1/blues
ky/cm/cmsy8.pfb>{/usr/share/texmf/dvips/tetex/74afc74c.enc}</usr/share/texmf/fo
nts/type1/bluesky/cm/cmbxti10.pfb>{/usr/share/texmf/dvips/tetex/aae443f0.enc}</
usr/share/texmf/fonts/type1/bluesky/cm/cmmi10.pfb></usr/share/texmf/fonts/type1
/bluesky/cm/cmex10.pfb></usr/share/texmf/fonts/type1/bluesky/cm/cmmi8.pfb></usr
/share/texmf/fonts/type1/bluesky/cm/cmsy10.pfb></usr/share/texmf/fonts/type1/bl
uesky/cm/cmti8.pfb></usr/share/texmf/fonts/type1/bluesky/cm/cmr9.pfb></usr/shar
e/texmf/fonts/type1/bluesky/cm/cmr6.pfb></usr/share/texmf/fonts/type1/bluesky/c
m/cmr8.pfb></usr/share/texmf/fonts/type1/bluesky/cm/cmsl10.pfb></usr/share/texm
f/fonts/type1/bluesky/cm/cmbx10.pfb></usr/share/texmf/fonts/type1/bluesky/cm/cm
bx12.pfb></usr/share/texmf/fonts/type1/bluesky/cm/cmb10.pfb></usr/share/texmf/f
onts/type1/bluesky/cm/cmti10.pfb>{/usr/share/texmf/dvips/psnfss/8r.enc}</usr/sh
are/texmf/fonts/type1/urw/zapfchan/uzcmi8a.pfb></usr/share/texmf/fonts/type1/bl
uesky/cm/cmr10.pfb>
Output written on bardJSS.pdf (21 pages, 268384 bytes).
